\BOOKMARK [0][-]{chapter.1}{Introduction}{}% 1
\BOOKMARK [1][-]{section.1.1}{Document structure}{chapter.1}% 2
\BOOKMARK [1][-]{section.1.2}{Technical nomenclature}{chapter.1}% 3
\BOOKMARK [0][-]{chapter.2}{System architecture}{}% 4
\BOOKMARK [1][-]{section.2.1}{DORIS overall system}{chapter.2}% 5
\BOOKMARK [2][-]{subsection.2.1.1}{Communications diagram}{section.2.1}% 6
\BOOKMARK [2][-]{subsection.2.1.2}{Module diagram}{section.2.1}% 7
\BOOKMARK [3][-]{subsubsection.2.1.2.1}{Traction module diagram: Module \0431}{subsection.2.1.2}% 8
\BOOKMARK [3][-]{subsubsection.2.1.2.2}{Power supply module diagram: Module \0432}{subsection.2.1.2}% 9
\BOOKMARK [3][-]{subsubsection.2.1.2.3}{Manipulator module diagram: Module \0433}{subsection.2.1.2}% 10
\BOOKMARK [3][-]{subsubsection.2.1.2.4}{Signal processing module diagram: Module \0434}{subsection.2.1.2}% 11
\BOOKMARK [1][-]{section.2.2}{Computers}{chapter.2}% 12
\BOOKMARK [2][-]{subsubsection.2.2.0.5}{Control PC}{section.2.2}% 13
\BOOKMARK [3][-]{subsubsection.2.2.0.6}{Signal processing PC}{subsubsection.2.2.0.5}% 14
\BOOKMARK [1][-]{section.2.3}{Video, audio and sensor devices}{chapter.2}% 15
\BOOKMARK [1][-]{section.2.4}{Local Area Network \(LAN\)}{chapter.2}% 16
\BOOKMARK [2][-]{subsection.2.4.1}{Ethernet communication}{section.2.4}% 17
\BOOKMARK [2][-]{subsection.2.4.2}{Wi-Fi communication}{section.2.4}% 18
\BOOKMARK [1][-]{section.2.5}{Actuation system}{chapter.2}% 19
\BOOKMARK [2][-]{subsection.2.5.1}{Traction subsystem}{section.2.5}% 20
\BOOKMARK [2][-]{subsection.2.5.2}{Manipulator subsystem}{section.2.5}% 21
\BOOKMARK [2][-]{subsection.2.5.3}{Controller Area Network \(CAN\) communication}{section.2.5}% 22
\BOOKMARK [3][-]{subsubsection.2.5.3.1}{CAN physical layer}{subsection.2.5.3}% 23
\BOOKMARK [3][-]{subsubsection.2.5.3.2}{DORIS CAN network and connections}{subsection.2.5.3}% 24
\BOOKMARK [1][-]{section.2.6}{Supervisory circuits}{chapter.2}% 25
\BOOKMARK [2][-]{subsection.2.6.1}{Monitoring system}{section.2.6}% 26
\BOOKMARK [2][-]{subsection.2.6.2}{Device protection system}{section.2.6}% 27
\BOOKMARK [2][-]{subsection.2.6.3}{Battery Management System \(BMS\)}{section.2.6}% 28
\BOOKMARK [2][-]{subsection.2.6.4}{Startup/Shutdown and Emergency system}{section.2.6}% 29
\BOOKMARK [1][-]{section.2.7}{Grounding system}{chapter.2}% 30
\BOOKMARK [1][-]{section.2.8}{Remote Control Base}{chapter.2}% 31
\BOOKMARK [0][-]{chapter.3}{System devices/components - Models and Manufacturers}{}% 32
\BOOKMARK [1][-]{section.3.1}{Computers}{chapter.3}% 33
\BOOKMARK [2][-]{subsection.3.1.1}{1st option: ADLQM67PC-2715QE}{section.3.1}% 34
\BOOKMARK [2][-]{subsection.3.1.2}{2nd option: ADLQM87PC}{section.3.1}% 35
\BOOKMARK [2][-]{subsection.3.1.3}{3rd option: Small PC SC240ML-i724 Waterproof Computer}{section.3.1}% 36
\BOOKMARK [1][-]{section.3.2}{Storage Devices}{chapter.3}% 37
\BOOKMARK [1][-]{section.3.3}{1st option: ESCREVER}{chapter.3}% 38
\BOOKMARK [1][-]{section.3.4}{Data acquisition system}{chapter.3}% 39
\BOOKMARK [1][-]{section.3.5}{Network devices}{chapter.3}% 40
\BOOKMARK [2][-]{subsection.3.5.1}{Ethernet Switches}{section.3.5}% 41
\BOOKMARK [2][-]{subsection.3.5.2}{1st option: Korenix JetNet 3008G}{section.3.5}% 42
\BOOKMARK [2][-]{subsection.3.5.3}{2nd option: Korenix JetNet 3005G}{section.3.5}% 43
\BOOKMARK [2][-]{subsection.3.5.4}{3rd option: Korenix JetNet 3005G V2}{section.3.5}% 44
\BOOKMARK [2][-]{subsection.3.5.5}{4th option: Korenix JetNet 5010G-w}{section.3.5}% 45
\BOOKMARK [2][-]{subsection.3.5.6}{Wi-Fi Access Points}{section.3.5}% 46
\BOOKMARK [2][-]{subsection.3.5.7}{1st option: EXTRONICS Universal Zone 1 Access Point Enclosure iWAP107}{section.3.5}% 47
\BOOKMARK [2][-]{subsection.3.5.8}{CAN devices}{section.3.5}% 48
\BOOKMARK [1][-]{section.3.6}{Traction devices}{chapter.3}% 49
\BOOKMARK [2][-]{subsection.3.6.1}{Motors}{section.3.6}% 50
\BOOKMARK [3][-]{subsubsection.3.6.1.1}{1st option: Maxon Motor EC-4pole 30 diam 30 mm, brushless, 200 Watt Part Number: 305013}{subsection.3.6.1}% 51
\BOOKMARK [2][-]{subsection.3.6.2}{Encoders}{section.3.6}% 52
\BOOKMARK [3][-]{subsubsection.3.6.2.1}{1st option: Maxon Motor Encoder MR, Type ML, 500 CPT, 3 Channels, with Line Driver Part Number: 225778}{subsection.3.6.2}% 53
\BOOKMARK [2][-]{subsection.3.6.3}{Reduction gears}{section.3.6}% 54
\BOOKMARK [3][-]{subsubsection.3.6.3.1}{1st option: Maxon Motor Planetary Gearhead GP 32 HP diam 32 mm, 4.0 - 8.0 Nm, Metal Version, High Power Part Number: 326660}{subsection.3.6.3}% 55
\BOOKMARK [2][-]{subsection.3.6.4}{Controller drivers}{section.3.6}% 56
\BOOKMARK [3][-]{subsubsection.3.6.4.1}{1st option: Maxon Motor EPOS2 70/10, Digital positioning controller, 10 A, 11 - 70 VDC Part Number: 375711}{subsection.3.6.4}% 57
\BOOKMARK [2][-]{subsection.3.6.5}{Motor Combinations}{section.3.6}% 58
\BOOKMARK [3][-]{subsubsection.3.6.5.1}{1st option: Maxon Motor Combination Part Number: 470625 - Items: Motor 305013 / Encoder 225778 / Reduction Gear 326660}{subsection.3.6.5}% 59
\BOOKMARK [1][-]{section.3.7}{Printed circuit boards}{chapter.3}% 60
\BOOKMARK [1][-]{section.3.8}{Electronic components}{chapter.3}% 61
\BOOKMARK [1][-]{section.3.9}{Wiring}{chapter.3}% 62
\BOOKMARK [2][-]{subsection.3.9.1}{Connectors}{section.3.9}% 63
\BOOKMARK [3][-]{subsubsection.3.9.1.1}{10pinF\(CAN\): DIN 41651 connector, pitch 2.54 mm, 10 poles, plug strain relief \(Female\)}{subsection.3.9.1}% 64
\BOOKMARK [3][-]{subsubsection.3.9.1.2}{10pinF\(Encoder\): DIN 41651 connector, pitch 2.54 mm, 10 poles, plug strain relief \(Female\)}{subsection.3.9.1}% 65
\BOOKMARK [3][-]{subsubsection.3.9.1.3}{CG\(CAN\): Cable Gland for CAN}{subsection.3.9.1}% 66
\BOOKMARK [3][-]{subsubsection.3.9.1.4}{CG\(LAN\): Cable Gland for Ethernet LAN}{subsection.3.9.1}% 67
\BOOKMARK [3][-]{subsubsection.3.9.1.5}{DB9F\(SH\): Shielded DB9 \(Female\)}{subsection.3.9.1}% 68
\BOOKMARK [3][-]{subsubsection.3.9.1.6}{DB9M\(SH\): Shielded DB9 \(Male\)}{subsection.3.9.1}% 69
\BOOKMARK [3][-]{subsubsection.3.9.1.7}{microCAN: Molex Micro-Fit 3.0\2224 poles \(43025-0400\)}{subsection.3.9.1}% 70
\BOOKMARK [3][-]{subsubsection.3.9.1.8}{microHall: Molex Micro-Fit 3.0\2226 poles \(43025-0600\)}{subsection.3.9.1}% 71
\BOOKMARK [3][-]{subsubsection.3.9.1.9}{miniMotor: Molex Mini-Fit\256Jr. 4 poles \(39-01-2040\)}{subsection.3.9.1}% 72
\BOOKMARK [3][-]{subsubsection.3.9.1.10}{miniPower: Molex Mini-Fit\256Jr. 2 poles \(39-01-2020\)}{subsection.3.9.1}% 73
\BOOKMARK [3][-]{subsubsection.3.9.1.11}{RJ45F\(SH\): Shielded RJ-45 \(Female\)}{subsection.3.9.1}% 74
\BOOKMARK [3][-]{subsubsection.3.9.1.12}{RJ45M\(SH\): Shielded RJ-45 \(Male\)}{subsection.3.9.1}% 75
\BOOKMARK [3][-]{subsubsection.3.9.1.13}{SCANF\(SH\): Shielded Special CAN Industrial Connector \(Female\)}{subsection.3.9.1}% 76
\BOOKMARK [3][-]{subsubsection.3.9.1.14}{SCANM\(SH\): Shielded Special CAN Industrial Connector \(Male\)}{subsection.3.9.1}% 77
\BOOKMARK [3][-]{subsubsection.3.9.1.15}{SLANF\(SH\): Shielded Special Ethernet Industrial Connector \(Female\)}{subsection.3.9.1}% 78
\BOOKMARK [3][-]{subsubsection.3.9.1.16}{SLANM\(SH\): Shielded Special Ethernet Industrial Connector \(Male\)}{subsection.3.9.1}% 79
\BOOKMARK [2][-]{subsection.3.9.2}{Cables}{section.3.9}% 80
\BOOKMARK [3][-]{subsubsection.3.9.2.1}{Cable signal type: CAN}{subsection.3.9.2}% 81
\BOOKMARK [3][-]{subsubsection.3.9.2.2}{Cable signal type: Electric \(Encoder\)}{subsection.3.9.2}% 82
\BOOKMARK [3][-]{subsubsection.3.9.2.3}{Cable signal type: Electric \(Hall\)}{subsection.3.9.2}% 83
\BOOKMARK [3][-]{subsubsection.3.9.2.4}{Cable signal type: Electric \(Motor\)}{subsection.3.9.2}% 84
\BOOKMARK [3][-]{subsubsection.3.9.2.5}{Cable signal type: Ethernet}{subsection.3.9.2}% 85
\BOOKMARK [3][-]{subsubsection.3.9.2.6}{Cable signal type: USB 2.0}{subsection.3.9.2}% 86
\BOOKMARK [1][-]{section.3.10}{Tools and utilities}{chapter.3}% 87
\BOOKMARK [2][-]{subsection.3.10.1}{Tools}{section.3.10}% 88
\BOOKMARK [3][-]{subsubsection.3.10.1.1}{Heat blower}{subsection.3.10.1}% 89
\BOOKMARK [3][-]{subsubsection.3.10.1.2}{Plier: Cutting plier}{subsection.3.10.1}% 90
\BOOKMARK [3][-]{subsubsection.3.10.1.3}{Plier: Long needle-nose plier}{subsection.3.10.1}% 91
\BOOKMARK [3][-]{subsubsection.3.10.1.4}{Plier: Molex hand crimper for Micro-Fit 3.0 \222crimp terminals \(63819-0000\)}{subsection.3.10.1}% 92
\BOOKMARK [3][-]{subsubsection.3.10.1.5}{Plier: Molex hand crimper for Mini-Fit\256crimp terminals \(63819-0900\)}{subsection.3.10.1}% 93
\BOOKMARK [3][-]{subsubsection.3.10.1.6}{Plier: RJ-45 crimper}{subsection.3.10.1}% 94
\BOOKMARK [3][-]{subsubsection.3.10.1.7}{Soldering station}{subsection.3.10.1}% 95
\BOOKMARK [2][-]{subsection.3.10.2}{Utilities}{section.3.10}% 96
\BOOKMARK [3][-]{subsubsection.3.10.2.1}{Heat shrink tube for thermal insulation}{subsection.3.10.2}% 97
\BOOKMARK [3][-]{subsubsection.3.10.2.2}{microCrimp: Molex Micro-Fit 3.0\222female crimp terminals \(43030-xxxx\)}{subsection.3.10.2}% 98
\BOOKMARK [3][-]{subsubsection.3.10.2.3}{miniCrimp: Molex Mini-Fit\256Jr. female crimp terminals \(44476-xxxx\)}{subsection.3.10.2}% 99
\BOOKMARK [0][-]{chapter.4}{Procedures for system assembly/installation/testing/commisioning}{}% 100
\BOOKMARK [1][-]{section.4.1}{System assembly}{chapter.4}% 101
\BOOKMARK [2][-]{subsection.4.1.1}{Cable construction}{section.4.1}% 102
\BOOKMARK [3][-]{subsubsection.4.1.1.1}{Construction of ACT/E - Cable for motor encoder}{subsection.4.1.1}% 103
\BOOKMARK [3][-]{subsubsection.4.1.1.2}{Construction of ACT/H - Cable for motor Hall effect sensor}{subsection.4.1.1}% 104
\BOOKMARK [3][-]{subsubsection.4.1.1.3}{Construction of ACT/M - Cable for motor supply}{subsection.4.1.1}% 105
\BOOKMARK [3][-]{subsubsection.4.1.1.4}{Construction of CAN/D-D - Cable for CAN between drivers}{subsection.4.1.1}% 106
\BOOKMARK [3][-]{subsubsection.4.1.1.5}{Construction of CAN/I-Dc - Cable for CAN between driver and an interface \(shield cut\)}{subsection.4.1.1}% 107
\BOOKMARK [3][-]{subsubsection.4.1.1.6}{Construction of CAN/I-Dp - Cable for CAN between driver and an interface \(shield pass\)}{subsection.4.1.1}% 108
\BOOKMARK [3][-]{subsubsection.4.1.1.7}{Construction of CAN/I-I - Cable for CAN between interfaces}{subsection.4.1.1}% 109
\BOOKMARK [3][-]{subsubsection.4.1.1.8}{Construction of CAN/I-PC - Cable for CAN between PC and an interface}{subsection.4.1.1}% 110
\BOOKMARK [3][-]{subsubsection.4.1.1.9}{Construction of CAN/Out - Outdoor cable for CAN between modules}{subsection.4.1.1}% 111
\BOOKMARK [3][-]{subsubsection.4.1.1.10}{Construction of LAN/I-S - Cable for Ethernet between Ethernet Switch and an interface}{subsection.4.1.1}% 112
\BOOKMARK [3][-]{subsubsection.4.1.1.11}{Construction of LAN/Out - Outdoor cable for Ethernet between modules}{subsection.4.1.1}% 113
\BOOKMARK [3][-]{subsubsection.4.1.1.12}{Construction of LAN/S-D - Cable for Ethernet between Ethernet Switch and a device}{subsection.4.1.1}% 114
\BOOKMARK [3][-]{subsubsection.4.1.1.13}{Construction of USB/DAQ - Cable for USB between DAQ and PC}{subsection.4.1.1}% 115
\BOOKMARK [2][-]{subsection.4.1.2}{Connector installation procedures}{section.4.1}% 116
\BOOKMARK [3][-]{subsubsection.4.1.2.1}{Installation of 4-pin connector}{subsection.4.1.2}% 117
\BOOKMARK [3][-]{subsubsection.4.1.2.2}{Installation of 10-pin connector}{subsection.4.1.2}% 118
\BOOKMARK [3][-]{subsubsection.4.1.2.3}{Installation of DB9 connector family}{subsection.4.1.2}% 119
\BOOKMARK [3][-]{subsubsection.4.1.2.4}{Installation of RJ-45 connector family}{subsection.4.1.2}% 120
\BOOKMARK [3][-]{subsubsection.4.1.2.5}{Crimping Molex Micro-Fit 3.0\222Family}{subsection.4.1.2}% 121
\BOOKMARK [3][-]{subsubsection.4.1.2.6}{Crimping Molex Mini-Fit\256Family}{subsection.4.1.2}% 122
\BOOKMARK [2][-]{subsection.4.1.3}{Printed circuit boards \(PCB\) fabrication and assembly}{section.4.1}% 123
\BOOKMARK [1][-]{section.4.2}{System installation on site}{chapter.4}% 124
\BOOKMARK [1][-]{section.4.3}{System testing on site}{chapter.4}% 125
\BOOKMARK [1][-]{section.4.4}{System commissioning}{chapter.4}% 126
\BOOKMARK [0][-]{chapter.5}{Performed tests for validations}{}% 127
\BOOKMARK [0][-]{chapter.6}{Bibliographic references}{}% 128
\BOOKMARK [0][-]{appendix.A}{Team}{}% 129
\BOOKMARK [1][-]{section.A.1}{General Organogram}{appendix.A}% 130
\BOOKMARK [2][-]{subsection.A.1.1}{Project Coordinator}{section.A.1}% 131
\BOOKMARK [2][-]{subsection.A.1.2}{Group 1: Mechanics Organogram}{section.A.1}% 132
\BOOKMARK [2][-]{subsection.A.1.3}{Group 2: Electronics Organogram}{section.A.1}% 133
\BOOKMARK [2][-]{subsection.A.1.4}{Group 3: Power Organogram}{section.A.1}% 134
\BOOKMARK [2][-]{subsection.A.1.5}{Group 4: Software Organogram}{section.A.1}% 135
\BOOKMARK [2][-]{subsection.A.1.6}{Group 5: Signal Processing Organogram}{section.A.1}% 136
\BOOKMARK [2][-]{subsection.A.1.7}{Project Secretary}{section.A.1}% 137
\BOOKMARK [1][-]{section.A.2}{Project Coordinator}{appendix.A}% 138
\BOOKMARK [1][-]{section.A.3}{Group 1: Mechanics}{appendix.A}% 139
\BOOKMARK [2][-]{subsection.A.3.1}{Coordinator}{section.A.3}% 140
\BOOKMARK [2][-]{subsection.A.3.2}{Ph.D., M.Sc., and B.Sc. Students}{section.A.3}% 141
\BOOKMARK [2][-]{subsection.A.3.3}{Mechanical Designers}{section.A.3}% 142
\BOOKMARK [1][-]{section.A.4}{Group 2: Electronics}{appendix.A}% 143
\BOOKMARK [2][-]{subsection.A.4.1}{Coordinator}{section.A.4}% 144
\BOOKMARK [2][-]{subsection.A.4.2}{Professors and M.Sc. Students}{section.A.4}% 145
\BOOKMARK [1][-]{section.A.5}{Group 3: Power}{appendix.A}% 146
\BOOKMARK [2][-]{subsection.A.5.1}{Coordinator}{section.A.5}% 147
\BOOKMARK [2][-]{subsection.A.5.2}{Professors and M.Sc. Students}{section.A.5}% 148
\BOOKMARK [1][-]{section.A.6}{Group 4: Software}{appendix.A}% 149
\BOOKMARK [2][-]{subsection.A.6.1}{Coordinator}{section.A.6}% 150
\BOOKMARK [2][-]{subsection.A.6.2}{Ph.D. and M.Sc. Students}{section.A.6}% 151
\BOOKMARK [1][-]{section.A.7}{Group 5: Signal Processing}{appendix.A}% 152
\BOOKMARK [2][-]{subsection.A.7.1}{Coordinators}{section.A.7}% 153
\BOOKMARK [2][-]{subsection.A.7.2}{Post-doctor Researchers}{section.A.7}% 154
\BOOKMARK [2][-]{subsection.A.7.3}{Ph.D. and M.Sc. Students}{section.A.7}% 155
\BOOKMARK [1][-]{section.A.8}{Secretary}{appendix.A}% 156
\BOOKMARK [0][-]{appendix*.5}{Bibliography}{}% 157
